[INFO ] 2024-09-24 18:57:10.598 App [main]:120  - Наименьшее число 3
[INFO ] 2024-09-24 18:57:10.601 App [main]:124  - Является ли год 2400 вискосным true
[INFO ] 2024-09-24 18:57:10.603 App [main]:127  - Значение функции 0,329
[INFO ] 2024-09-24 18:57:10.603 App [main]:130  - Точка находится в четверти №1
[INFO ] 2024-09-24 18:57:10.603 App [main]:133  - Треугольник существует
[INFO ] 2024-09-24 18:57:10.603 App [main]:136  - Первый корень уравнения: 3,02 Второй корень уравнения: -0,52
[INFO ] 2024-09-29 09:42:24.829 App [main]:121  - Наименьшее число 3
[INFO ] 2024-09-29 09:42:24.831 App [main]:125  - Является ли год 2400 вискосным true
[INFO ] 2024-09-29 09:42:24.833 App [main]:128  - Значение функции 0,329
[INFO ] 2024-09-29 09:42:24.833 App [main]:131  - Точка находится в четверти №1
[INFO ] 2024-09-29 09:42:24.833 App [main]:134  - Треугольник существует
[INFO ] 2024-09-29 09:42:24.834 App [main]:137  - Первый корень уравнения: 3,02 Второй корень уравнения: -0,52
[INFO ] 2024-10-05 09:03:41.327 App [main]:124  - Наименьшее число 3
[INFO ] 2024-10-05 09:03:41.330 App [main]:128  - Является ли год 2400 вискосным true
[INFO ] 2024-10-05 09:03:41.332 App [main]:131  - Значение функции 0,329
[INFO ] 2024-10-05 09:03:41.332 App [main]:134  - Точка находится на координатах х = 0 у = 0
[INFO ] 2024-10-05 09:03:41.332 App [main]:137  - Треугольник существует
[INFO ] 2024-10-05 09:03:41.332 App [main]:140  - Первый корень уравнения: 3,02 Второй корень уравнения: -0,52
[INFO ] 2024-10-05 09:03:52.837 App [main]:124  - Наименьшее число 3
[INFO ] 2024-10-05 09:03:52.840 App [main]:128  - Является ли год 2400 вискосным true
[INFO ] 2024-10-05 09:03:52.842 App [main]:131  - Значение функции 0,329
[INFO ] 2024-10-05 09:03:52.842 App [main]:134  - Точка находится на координатах х = 0 у = 0
[INFO ] 2024-10-05 09:03:52.842 App [main]:137  - Треугольник существует
[INFO ] 2024-10-05 09:03:52.842 App [main]:140  - Первый корень уравнения: 3,02 Второй корень уравнения: -0,52
[INFO ] 2024-10-05 09:04:32.374 App [main]:124  - Наименьшее число 3
[INFO ] 2024-10-05 09:04:32.377 App [main]:128  - Является ли год 2400 вискосным true
[INFO ] 2024-10-05 09:04:32.378 App [main]:131  - Значение функции 0,329
[INFO ] 2024-10-05 09:04:32.379 App [main]:134  - Точка находится на координатах х = 0 у = 0
[INFO ] 2024-10-05 09:04:32.379 App [main]:137  - Треугольник существует
[INFO ] 2024-10-05 09:04:32.379 App [main]:140  - Первый корень уравнения: 3,02 Второй корень уравнения: -0,52
[INFO ] 2024-10-05 09:05:41.780 App [main]:124  - Наименьшее число 3
[INFO ] 2024-10-05 09:05:41.784 App [main]:128  - Является ли год 2400 вискосным true
[INFO ] 2024-10-05 09:05:41.785 App [main]:131  - Значение функции 0,329
[INFO ] 2024-10-05 09:05:41.785 App [main]:134  - Точка находится на координатах х = 0 у = 0
[INFO ] 2024-10-05 09:05:41.785 App [main]:137  - Треугольник существует
[INFO ] 2024-10-05 09:05:41.786 App [main]:140  - Первый корень уравнения: 3,02 Второй корень уравнения: -0,52
[INFO ] 2024-10-05 09:05:41.786 App [main]:142  - true
[INFO ] 2024-10-05 09:06:35.446 App [main]:124  - Наименьшее число 3
[INFO ] 2024-10-05 09:06:35.450 App [main]:128  - Является ли год 2400 вискосным true
[INFO ] 2024-10-05 09:06:35.452 App [main]:131  - Значение функции 0,329
[INFO ] 2024-10-05 09:06:35.452 App [main]:134  - Точка находится на координатах х = 0 у = 0
[INFO ] 2024-10-05 09:06:35.453 App [main]:137  - Треугольник существует
[INFO ] 2024-10-05 09:06:35.453 App [main]:140  - Первый корень уравнения: 3,02 Второй корень уравнения: -0,52
[INFO ] 2024-10-05 09:09:24.969 App [main]:124  - Наименьшее число 3
[INFO ] 2024-10-05 09:09:24.972 App [main]:128  - Является ли год 2400 вискосным true
[INFO ] 2024-10-05 09:09:24.974 App [main]:131  - Значение функции 0,329
[INFO ] 2024-10-05 09:09:24.974 App [main]:134  - Точка находится в четверти №1
[INFO ] 2024-10-05 09:09:24.974 App [main]:137  - Треугольник существует
[INFO ] 2024-10-05 09:09:24.974 App [main]:140  - Первый корень уравнения: 3,02 Второй корень уравнения: -0,52
[INFO ] 2024-10-05 09:09:42.442 App [main]:124  - Наименьшее число 3
[INFO ] 2024-10-05 09:09:42.446 App [main]:128  - Является ли год 2400 вискосным true
[INFO ] 2024-10-05 09:09:42.448 App [main]:131  - Значение функции 0,329
[INFO ] 2024-10-05 09:09:42.448 App [main]:134  - Точка находится в четверти №1
[INFO ] 2024-10-05 09:09:42.448 App [main]:137  - Треугольник существует
[INFO ] 2024-10-05 09:09:42.448 App [main]:140  - Первый корень уравнения: 3,02 Второй корень уравнения: -0,52
